<?xml version="1.0" encoding="UTF-8"?>
<!-- Generated by org.testng.reporters.JUnitXMLReporter -->
<testsuite hostname="DESKTOP-VEVC5H6" ignored="0" name="Default test" tests="8" failures="0" timestamp="2020-04-14T13:14:13 IST" time="87.703" errors="0">
  <testcase name="LogInPageTest" time="38.04" classname="Package.ClickAndBoom_Administration"/>
  <testcase name="GeofencePageTest" time="7.352" classname="Package.ClickAndBoom_Administration"/>
  <testcase name="HardwareProfilePageTest" time="6.102" classname="Package.ClickAndBoom_Administration"/>
  <testcase name="DVITextMessagesPageTest" time="6.235" classname="Package.ClickAndBoom_Administration"/>
  <testcase name="DVIPhonenumbersPageTest" time="6.167" classname="Package.ClickAndBoom_Administration"/>
  <testcase name="OverdueNotificationPageTest" time="6.162" classname="Package.ClickAndBoom_Administration"/>
  <testcase name="ReportingRegionPageTest" time="6.399" classname="Package.ClickAndBoom_Administration"/>
  <testcase name="SecuritySettingsPageTest" time="7.302" classname="Package.ClickAndBoom_Administration"/>
</testsuite> <!-- Default test -->
