<?xml version="1.0" encoding="UTF-8"?>
<testng-results skipped="0" failed="0" ignored="0" total="8" passed="8">
  <reporter-output>
  </reporter-output>
  <suite name="Default suite" duration-ms="87703" started-at="2020-04-14T13:12:45 IST" finished-at="2020-04-14T13:14:13 IST">
    <groups>
    </groups>
    <test name="Default test" duration-ms="87703" started-at="2020-04-14T13:12:45 IST" finished-at="2020-04-14T13:14:13 IST">
      <class name="Package.ClickAndBoom_Administration">
        <test-method status="PASS" signature="startReport()[pri:0, instance:Package.ClickAndBoom_Administration@6ddf90b0]" name="startReport" is-config="true" duration-ms="185" started-at="2020-04-14T13:12:45 IST" finished-at="2020-04-14T13:12:45 IST">
          <reporter-output>
          </reporter-output>
        </test-method> <!-- startReport -->
        <test-method status="PASS" signature="LogInPageTest()[pri:1, instance:Package.ClickAndBoom_Administration@6ddf90b0]" name="LogInPageTest" duration-ms="38040" started-at="2020-04-14T13:12:45 IST" finished-at="2020-04-14T13:13:23 IST">
          <reporter-output>
          </reporter-output>
        </test-method> <!-- LogInPageTest -->
        <test-method status="PASS" signature="getResult(org.testng.ITestResult)[pri:0, instance:Package.ClickAndBoom_Administration@6ddf90b0]" name="getResult" is-config="true" duration-ms="504" started-at="2020-04-14T13:13:23 IST" finished-at="2020-04-14T13:13:24 IST">
          <params>
            <param index="0">
              <value>
                <![CDATA[[TestResult name=LogInPageTest status=SUCCESS method=ClickAndBoom_Administration.LogInPageTest()[pri:1, instance:Package.ClickAndBoom_Administration@6ddf90b0] output={null}]]]>
              </value>
            </param>
          </params>
          <reporter-output>
          </reporter-output>
        </test-method> <!-- getResult -->
        <test-method status="PASS" signature="GeofencePageTest()[pri:2, instance:Package.ClickAndBoom_Administration@6ddf90b0]" name="GeofencePageTest" duration-ms="7352" started-at="2020-04-14T13:13:24 IST" finished-at="2020-04-14T13:13:31 IST">
          <reporter-output>
          </reporter-output>
        </test-method> <!-- GeofencePageTest -->
        <test-method status="PASS" signature="getResult(org.testng.ITestResult)[pri:0, instance:Package.ClickAndBoom_Administration@6ddf90b0]" name="getResult" is-config="true" duration-ms="389" started-at="2020-04-14T13:13:31 IST" finished-at="2020-04-14T13:13:31 IST">
          <params>
            <param index="0">
              <value>
                <![CDATA[[TestResult name=GeofencePageTest status=SUCCESS method=ClickAndBoom_Administration.GeofencePageTest()[pri:2, instance:Package.ClickAndBoom_Administration@6ddf90b0] output={null}]]]>
              </value>
            </param>
          </params>
          <reporter-output>
          </reporter-output>
        </test-method> <!-- getResult -->
        <test-method status="PASS" signature="HardwareProfilePageTest()[pri:3, instance:Package.ClickAndBoom_Administration@6ddf90b0]" name="HardwareProfilePageTest" duration-ms="6102" started-at="2020-04-14T13:13:31 IST" finished-at="2020-04-14T13:13:37 IST">
          <reporter-output>
          </reporter-output>
        </test-method> <!-- HardwareProfilePageTest -->
        <test-method status="PASS" signature="getResult(org.testng.ITestResult)[pri:0, instance:Package.ClickAndBoom_Administration@6ddf90b0]" name="getResult" is-config="true" duration-ms="402" started-at="2020-04-14T13:13:37 IST" finished-at="2020-04-14T13:13:38 IST">
          <params>
            <param index="0">
              <value>
                <![CDATA[[TestResult name=HardwareProfilePageTest status=SUCCESS method=ClickAndBoom_Administration.HardwareProfilePageTest()[pri:3, instance:Package.ClickAndBoom_Administration@6ddf90b0] output={null}]]]>
              </value>
            </param>
          </params>
          <reporter-output>
          </reporter-output>
        </test-method> <!-- getResult -->
        <test-method status="PASS" signature="DVITextMessagesPageTest()[pri:4, instance:Package.ClickAndBoom_Administration@6ddf90b0]" name="DVITextMessagesPageTest" duration-ms="6235" started-at="2020-04-14T13:13:38 IST" finished-at="2020-04-14T13:13:44 IST">
          <reporter-output>
          </reporter-output>
        </test-method> <!-- DVITextMessagesPageTest -->
        <test-method status="PASS" signature="getResult(org.testng.ITestResult)[pri:0, instance:Package.ClickAndBoom_Administration@6ddf90b0]" name="getResult" is-config="true" duration-ms="370" started-at="2020-04-14T13:13:44 IST" finished-at="2020-04-14T13:13:45 IST">
          <params>
            <param index="0">
              <value>
                <![CDATA[[TestResult name=DVITextMessagesPageTest status=SUCCESS method=ClickAndBoom_Administration.DVITextMessagesPageTest()[pri:4, instance:Package.ClickAndBoom_Administration@6ddf90b0] output={null}]]]>
              </value>
            </param>
          </params>
          <reporter-output>
          </reporter-output>
        </test-method> <!-- getResult -->
        <test-method status="PASS" signature="DVIPhonenumbersPageTest()[pri:5, instance:Package.ClickAndBoom_Administration@6ddf90b0]" name="DVIPhonenumbersPageTest" duration-ms="6167" started-at="2020-04-14T13:13:45 IST" finished-at="2020-04-14T13:13:51 IST">
          <reporter-output>
          </reporter-output>
        </test-method> <!-- DVIPhonenumbersPageTest -->
        <test-method status="PASS" signature="getResult(org.testng.ITestResult)[pri:0, instance:Package.ClickAndBoom_Administration@6ddf90b0]" name="getResult" is-config="true" duration-ms="374" started-at="2020-04-14T13:13:51 IST" finished-at="2020-04-14T13:13:51 IST">
          <params>
            <param index="0">
              <value>
                <![CDATA[[TestResult name=DVIPhonenumbersPageTest status=SUCCESS method=ClickAndBoom_Administration.DVIPhonenumbersPageTest()[pri:5, instance:Package.ClickAndBoom_Administration@6ddf90b0] output={null}]]]>
              </value>
            </param>
          </params>
          <reporter-output>
          </reporter-output>
        </test-method> <!-- getResult -->
        <test-method status="PASS" signature="OverdueNotificationPageTest()[pri:6, instance:Package.ClickAndBoom_Administration@6ddf90b0]" name="OverdueNotificationPageTest" duration-ms="6162" started-at="2020-04-14T13:13:51 IST" finished-at="2020-04-14T13:13:57 IST">
          <reporter-output>
          </reporter-output>
        </test-method> <!-- OverdueNotificationPageTest -->
        <test-method status="PASS" signature="getResult(org.testng.ITestResult)[pri:0, instance:Package.ClickAndBoom_Administration@6ddf90b0]" name="getResult" is-config="true" duration-ms="425" started-at="2020-04-14T13:13:57 IST" finished-at="2020-04-14T13:13:58 IST">
          <params>
            <param index="0">
              <value>
                <![CDATA[[TestResult name=OverdueNotificationPageTest status=SUCCESS method=ClickAndBoom_Administration.OverdueNotificationPageTest()[pri:6, instance:Package.ClickAndBoom_Administration@6ddf90b0] output={null}]]]>
              </value>
            </param>
          </params>
          <reporter-output>
          </reporter-output>
        </test-method> <!-- getResult -->
        <test-method status="PASS" signature="ReportingRegionPageTest()[pri:7, instance:Package.ClickAndBoom_Administration@6ddf90b0]" name="ReportingRegionPageTest" duration-ms="6399" started-at="2020-04-14T13:13:58 IST" finished-at="2020-04-14T13:14:04 IST">
          <reporter-output>
          </reporter-output>
        </test-method> <!-- ReportingRegionPageTest -->
        <test-method status="PASS" signature="getResult(org.testng.ITestResult)[pri:0, instance:Package.ClickAndBoom_Administration@6ddf90b0]" name="getResult" is-config="true" duration-ms="403" started-at="2020-04-14T13:14:04 IST" finished-at="2020-04-14T13:14:04 IST">
          <params>
            <param index="0">
              <value>
                <![CDATA[[TestResult name=ReportingRegionPageTest status=SUCCESS method=ClickAndBoom_Administration.ReportingRegionPageTest()[pri:7, instance:Package.ClickAndBoom_Administration@6ddf90b0] output={null}]]]>
              </value>
            </param>
          </params>
          <reporter-output>
          </reporter-output>
        </test-method> <!-- getResult -->
        <test-method status="PASS" signature="SecuritySettingsPageTest()[pri:8, instance:Package.ClickAndBoom_Administration@6ddf90b0]" name="SecuritySettingsPageTest" duration-ms="7302" started-at="2020-04-14T13:14:04 IST" finished-at="2020-04-14T13:14:12 IST">
          <reporter-output>
          </reporter-output>
        </test-method> <!-- SecuritySettingsPageTest -->
        <test-method status="PASS" signature="getResult(org.testng.ITestResult)[pri:0, instance:Package.ClickAndBoom_Administration@6ddf90b0]" name="getResult" is-config="true" duration-ms="391" started-at="2020-04-14T13:14:12 IST" finished-at="2020-04-14T13:14:12 IST">
          <params>
            <param index="0">
              <value>
                <![CDATA[[TestResult name=SecuritySettingsPageTest status=SUCCESS method=ClickAndBoom_Administration.SecuritySettingsPageTest()[pri:8, instance:Package.ClickAndBoom_Administration@6ddf90b0] output={null}]]]>
              </value>
            </param>
          </params>
          <reporter-output>
          </reporter-output>
        </test-method> <!-- getResult -->
        <test-method status="PASS" signature="endtest()[pri:0, instance:Package.ClickAndBoom_Administration@6ddf90b0]" name="endtest" is-config="true" duration-ms="470" started-at="2020-04-14T13:14:12 IST" finished-at="2020-04-14T13:14:13 IST">
          <reporter-output>
          </reporter-output>
        </test-method> <!-- endtest -->
      </class> <!-- Package.ClickAndBoom_Administration -->
    </test> <!-- Default test -->
  </suite> <!-- Default suite -->
</testng-results>
